begin
nan
nan
nan
nan
nan
nan
nan
nan
nan
nan
nan
nan
208.279
208.852
192.201
209.428
209.428
209.428
209.428
210.004
210.004
210.004
210.069
210.069
210.069
210.069
210.069
210.069
210.069
210.069
210.069
210.069
210.641
210.641
210.641
210.641
210.641
210.641
210.641
211.214
211.214
211.214
211.214
211.214
211.214
211.214
211.214
211.214
211.214
211.214
211.214
211.214
211.214
211.214
211.214
211.214
211.214
211.214
206.568
206.568
201.994
207.136
207.793
207.793
207.707
207.707
207.793
208.36
208.36
208.36
208.36
208.36
208.928
208.928
208.928
208.928
208.928
208.928
208.928
208.928
207.793
208.36
208.36
208.928
208.928
208.928
208.928
208.928
209.498
209.498
208.928
208.928
208.928
208.928
209.498
209.498
209.498
209.498
209.498
209.498
209.498
209.498
209.498
209.498
209.498
209.498
209.498
209.498
207.893
207.419
207.419
207.419
207.419
207.419
206.619
207.19
206.619
206.619
210.514
214.669
215.856
215.728
215.728
221.823
229.565
229.696
231.85
231.85
233.261
232.781
226.107
219.41
205.631
195.874
197.965
203.536
205.549
206.677
212.153
212.725
190.682
182.097
184.108
198.191
218.542
217.387
208.203
204.047
168.839
184.57
185.863
201.481
204.5
217.905
182.469
179.56
170.981
188.475
189.79
213.299
210.343
186.525
164.545
147.998
177.516
177.915
185.461
184.108
180.825
169.949
139.828
180.38
181.566
184.102
173.085
171.092
173.977
180.316
181.123
179.884
178.698
164.342
176.314
177.209
186.197
187.979
177.492
161.167
159.156
174.435
176.795
199.189
201.496
203.614
215.386
210.496
169.801
167.972
165.68
181.296
183.6
203.703
180.973
206.52
217.964
220.282
180.38
166.836
166.693
171.127
171.127
171.77
177.946
179.669
181.648
181.648
166.748
153.104
154.976
161.91
171.127
171.197
180
179.173
176.262
157.42
154.742
165.551
166.725
170.415
179.508
181.928
175.443
173.366
160.809
175.855
175.357
177.167
184.913
185.044
175.013
172.843
166.765
166.765
185.743
208.813
211.149
205.653
205.075
219.137
183.639
178.738
155.988
156.263
162.463
162.463
163.879
164.38
168.529
168.981
179.222
159.742
156.118
150.214
152.106
153.475
160.176
159.844
164.209
165.21
176.262
175.855
169.696
167.609
152.511
160.213
161.555
169.846
169.406
173.213
174.12
183.985
183.182
183.287
182.565
175.339
175.33
176.878
192.076
193.657
214.999
216.512
206.385
205.236
219.137
220.282
188.12
166.883
165.897
166.236
167.858
170.011
169.613
169.978
169.978
173.436
174.619
175.855
166.797
164.222
151.08
157.114
157.717
165.264
165.264
165.21
179.941
179.508
172.972
170.435
153.652
159.105
161.059
169.406
169.949
174.195
174.619
181.123
177.645
177.674
168.874
182.535
183.551
207.571
209.244
213.566
213.944
217.422
190.682
188.12
166.883
164.182
165.795
170.981
167.725
167.725
130.855
163.475
177.11
177.946
158.453
152.657
152.255
161.015
166.167
166.167
164.209
164.712
177.074
178.698
179.08
152.303
153.881
154.054
155.423
166.474
169.822
205.078
180.754
183.985
187.64
188.12
180.966
167.384
167.203
178.816
179.801
201.951
212.325
214.515
164.386
141.844
211.675
179.508
177.074
161.819
167.347
168.73
170.813
170.813
172.203
175.855
175.025
201.956
143.798
154.89
159.351
159.979
166.236
167.972
168.09
181.566
181.198
179.126
177.915
156.762
160.787
162.704
171.38
171.91
176.274
183.985
183.985
183.506
182.29
163.268
162.776
176.878
178.389
201.202
219.368
219.387
206.819
216.851
212.806
177.886
176.262
160.98
160.98
165.395
167.24
166.883
213.585
174.637
173.795
175.855
176.686
168.883
154.89
186.16
158.969
158.969
166.545
166.532
166.667
177.074
175.855
174.601
163.203
162.516
171.38
173.946
173.977
179.941
182.375
183.985
179.909
180.466
167.065
167.886
182.622
206.994
209.97
216.092
216.148
215.029
192.749
188.12
164.38
163.879
164.034
168.944
168.944
172.151
179.508
130.855
182.015
182.375
163.131
152.378
152.106
161.591
162.16
163.131
167.014
169.978
176.662
164.875
160.377
150.623
150.105
166.725
170.484
170.049
176.274
177.516
186.525
186.848
175.855
164.309
164.062
178.389
179.4
206.819
209.999
210.758
208.11
208.11
208.967
209.66
200.232
169.146
167.366
161.158
162.04
165.395
170.355
171.65
173.401
173.824
175.855
171.331
167.489
158.054
156.78
159.91
165.093
165.633
169.146
181.566
180.316
168.09
166.25
157.055
220.855
171.77
174.502
174.523
185.721
185.251
183.639
175.855
175.374
165.274
165.496
187.165
188.384
218.534
215.415
214.146
208.967
209.087
196.601
168.883
167.96
163.327
162.463
172.439
130.855
170.435
175.443
181.356
177.976
177.074
175.449
194.252
157.42
