begin
nan
nan
nan
nan
nan
nan
nan
nan
nan
nan
nan
nan
nan
nan
nan
nan
nan
nan
nan
nan
nan
nan
nan
nan
nan
nan
nan
nan
nan
nan
nan
nan
nan
nan
nan
nan
nan
nan
nan
nan
nan
nan
nan
nan
nan
nan
nan
nan
nan
nan
nan
nan
nan
nan
nan
nan
nan
nan
nan
nan
nan
nan
nan
nan
nan
nan
nan
nan
nan
nan
nan
nan
nan
nan
nan
nan
nan
nan
nan
nan
nan
nan
nan
nan
nan
nan
220.872
220.61
192.133
192.133
192.133
191.624
190.844
190.844
190.844
190.844
190.844
190.341
190.341
190.341
190.341
190.341
190.057
189.557
189.557
189.557
189.557
189.557
189.061
304.121
189.557
189.557
189.557
189.557
189.061
189.061
189.557
189.557
188.767
188.767
188.274
188.274
216.73
216.73
216.237
208.005
217.362
217.362
217.362
217.362
217.506
217.506
217.506
217.846
207.277
217.355
217.355
217.846
217.846
217.355
217.355
216.713
216.713
218.148
218.148
218.148
217.846
217.846
217.846
217.112
216.464
216.954
217.603
214.533
214.083
210.287
185.572
180.877
141.042
142.851
149.715
148.283
145.419
142.362
148.324
147.756
182.178
186.026
204.383
204.707
210.863
223.352
225.288
231.757
229.671
220.768
227.808
221.039
245.986
263.104
258.434
229.044
225.416
283.938
171.865
174.616
165.113
164.555
168.896
169.58
174.16
177.15
184.868
183.679
155.623
153.922
152.672
154.304
155.148
162.375
162.375
184.549
188.672
191.002
174.724
172.917
148.777
148.339
156.35
157.181
165.472
167.297
193.339
192.742
192.146
167.802
166.007
146.577
146.153
155.312
154.859
161.53
159.649
157.735
156.93
156.469
146.049
144.648
150.942
151.807
160.142
160.64
161.144
186.803
185.627
161.089
159.009
157.869
141.999
142.899
143.801
150.492
150.492
150.903
150.37
150.37
151.181
160.142
160.142
160.463
149.194
149.207
149.651
151.65
149.344
162.018
158.831
158.347
158.347
159.815
158.985
157.181
152.864
152.484
151.264
143.785
144.794
147.334
154.871
154.871
154.871
155.25
151.991
153.682
154.132
154.498
154.05
153.607
140.209
139.696
139.177
138.65
145.85
151.023
151.445
152.33
160.678
161.202
161.732
193.339
191.472
189.608
187.752
179.155
175.479
173.563
148.77
147.902
146.577
143.729
143.389
143.872
144.348
156.469
157.312
157.802
191.451
193.339
190.876
189.035
185.042
181.451
179.017
147.066
146.218
145.775
144.923
137.218
138.72
139.666
151.445
152.33
153.213
153.695
166.774
168.206
168.789
182.98
182.385
181.67
181.67
160.463
158.347
156.705
154.953
135.81
134.193
133.642
143.389
143.872
143.872
143.872
146.655
167.951
165.142
152.484
153.382
153.84
155.25
147.12
144.687
143.44
127.783
126.538
125.269
123.977
136.65
137.218
137.778
141.807
142.285
142.757
142.757
154.588
154.679
153.84
148.339
147.521
145.456
123.977
123.322
122.225
129.904
132.119
141.496
141.999
150.37
155.666
155.666
141.898
141.793
135.51
137.246
148.837
148.829
152.672
153.067
161.58
160.779
161.089
160.291
156.222
156.344
146.818
147.832
155.182
156.084
167.073
168.564
168.564
191.409
192.71
188.526
189.169
169.841
166.517
141.162
139.85
108.352
103.339
144.348
145.233
144.581
144.195
152.425
154.132
158.347
158.681
144.071
132.998
131.782
141.458
142.533
132.726
175.877
142.672
142.757
149.953
151.991
151.991
151.991
140.087
139.593
139.093
128.22
127.532
140.35
141.338
145.569
145.569
147.066
147.085
157.397
127.874
133.303
158.205
157.869
153.45
153.534
146.218
146.257
146.257
156.208
157.12
166.19
166.774
167.365
177.851
178.494
190.326
188.576
187.983
191.026
190.448
163.95
162.67
160.604
144.635
143.814
143.814
138.074
138.587
144.007
144.007
144.007
143.222
142.839
143.297
143.072
143.072
152.484
152.484
152.484
141.366
138.143
136.87
117.062
116.58
115.939
119.379
120.238
120.9
124.896
124.657
120.347
120.962
120.962
126.695
127.241
127.783
143.878
145.497
149.558
150.37
150.37
123.272
121.961
120.658
115.078
114.504
114.504
133.271
133.542
138.72
138.72
138.331
142.722
143.653
144.085
153.352
153.441
172.867
173.781
174.681
180.099
143.733
133.24
183.765
185.113
192.066
192.066
192.08
191.531
191.531
192.749
192.158
189.8
189.8
185.209
172.716
171.431
164.399
163.886
164.918
165.198
166.774
167.85
186.05
187.295
192.022
192.688
190.228
189.567
185.304
184.542
183.765
178.408
176.899
153.047
152.425
164.653
165.932
172.089
172.354
176.708
